INFO:root:loading file:D:/dev/github/CPEN513/placement/ass2_files/cm151a.txt
INFO:root:num_cells: 22, num_connections: 20, num_rows: 8, num_cols: 8
INFO:root:[net.py] sorted cells by row number [<cell.Cell object at 0x0000019D2A3C6C40>, <cell.Cell object at 0x0000019D2A3C6580>]
INFO:root:[net.py] min_row 2, max_row 6
INFO:root:[net.py] sorted cells by col number [<cell.Cell object at 0x0000019D2A3C6580>, <cell.Cell object at 0x0000019D2A3C6C40>]
INFO:root:[net.py] min_col 1, max_col 2
INFO:root:[net.py] sorted cells by row number [<cell.Cell object at 0x0000019D2A3C65E0>, <cell.Cell object at 0x0000019D2A3C68E0>]
INFO:root:[net.py] min_row 6, max_row 6
INFO:root:[net.py] sorted cells by col number [<cell.Cell object at 0x0000019D2A3C65E0>, <cell.Cell object at 0x0000019D2A3C68E0>]
INFO:root:[net.py] min_col 0, max_col 2
INFO:root:[net.py] sorted cells by row number [<cell.Cell object at 0x0000019D2A3C6A60>, <cell.Cell object at 0x0000019D2A3C6C40>]
INFO:root:[net.py] min_row 2, max_row 2
INFO:root:[net.py] sorted cells by col number [<cell.Cell object at 0x0000019D2A3C6C40>, <cell.Cell object at 0x0000019D2A3C6A60>]
INFO:root:[net.py] min_col 2, max_col 6
INFO:root:[net.py] sorted cells by row number [<cell.Cell object at 0x0000019D2A3C6B20>, <cell.Cell object at 0x0000019D2A3C68E0>]
INFO:root:[net.py] min_row 1, max_row 6
INFO:root:[net.py] sorted cells by col number [<cell.Cell object at 0x0000019D2A3C68E0>, <cell.Cell object at 0x0000019D2A3C6B20>]
INFO:root:[net.py] min_col 2, max_col 5
INFO:root:[net.py] sorted cells by row number [<cell.Cell object at 0x0000019D2A3C6880>, <cell.Cell object at 0x0000019D2A3C67C0>]
INFO:root:[net.py] min_row 3, max_row 4
INFO:root:[net.py] sorted cells by col number [<cell.Cell object at 0x0000019D2A3C67C0>, <cell.Cell object at 0x0000019D2A3C6880>]
INFO:root:[net.py] min_col 0, max_col 1
INFO:root:[net.py] sorted cells by row number [<cell.Cell object at 0x0000019D2A3C6D00>, <cell.Cell object at 0x0000019D2A3C6BE0>]
INFO:root:[net.py] min_row 0, max_row 1
INFO:root:[net.py] sorted cells by col number [<cell.Cell object at 0x0000019D2A3C6BE0>, <cell.Cell object at 0x0000019D2A3C6D00>]
INFO:root:[net.py] min_col 0, max_col 6
INFO:root:[net.py] sorted cells by row number [<cell.Cell object at 0x0000019D2A3C6760>, <cell.Cell object at 0x0000019D2A3C67C0>]
INFO:root:[net.py] min_row 2, max_row 4
INFO:root:[net.py] sorted cells by col number [<cell.Cell object at 0x0000019D2A3C6760>, <cell.Cell object at 0x0000019D2A3C67C0>]
INFO:root:[net.py] min_col 0, max_col 0
INFO:root:[net.py] sorted cells by row number [<cell.Cell object at 0x0000019D2A3C6BE0>, <cell.Cell object at 0x0000019D2A3C6D60>]
INFO:root:[net.py] min_row 1, max_row 4
INFO:root:[net.py] sorted cells by col number [<cell.Cell object at 0x0000019D2A3C6BE0>, <cell.Cell object at 0x0000019D2A3C6D60>]
INFO:root:[net.py] min_col 0, max_col 7
INFO:root:[net.py] sorted cells by row number [<cell.Cell object at 0x0000019D2A3C6BE0>, <cell.Cell object at 0x0000019D2A3C6C40>, <cell.Cell object at 0x0000019D2A3C67C0>, <cell.Cell object at 0x0000019D2A3C68E0>, <cell.Cell object at 0x0000019D2A3C6B80>]
INFO:root:[net.py] min_row 1, max_row 7
INFO:root:[net.py] sorted cells by col number [<cell.Cell object at 0x0000019D2A3C67C0>, <cell.Cell object at 0x0000019D2A3C6BE0>, <cell.Cell object at 0x0000019D2A3C6B80>, <cell.Cell object at 0x0000019D2A3C6C40>, <cell.Cell object at 0x0000019D2A3C68E0>]
INFO:root:[net.py] min_col 0, max_col 2
INFO:root:[net.py] sorted cells by row number [<cell.Cell object at 0x0000019D2A3C6BE0>, <cell.Cell object at 0x0000019D2A3C6C40>, <cell.Cell object at 0x0000019D2A3C67C0>, <cell.Cell object at 0x0000019D2A3C6CA0>, <cell.Cell object at 0x0000019D2A3C68E0>]
INFO:root:[net.py] min_row 1, max_row 6
INFO:root:[net.py] sorted cells by col number [<cell.Cell object at 0x0000019D2A3C67C0>, <cell.Cell object at 0x0000019D2A3C6BE0>, <cell.Cell object at 0x0000019D2A3C6C40>, <cell.Cell object at 0x0000019D2A3C68E0>, <cell.Cell object at 0x0000019D2A3C6CA0>]
INFO:root:[net.py] min_col 0, max_col 6
INFO:root:[net.py] sorted cells by row number [<cell.Cell object at 0x0000019D2A3C66A0>, <cell.Cell object at 0x0000019D2A3C6AC0>, <cell.Cell object at 0x0000019D2A3C6940>]
INFO:root:[net.py] min_row 3, max_row 6
INFO:root:[net.py] sorted cells by col number [<cell.Cell object at 0x0000019D2A3C66A0>, <cell.Cell object at 0x0000019D2A3C6940>, <cell.Cell object at 0x0000019D2A3C6AC0>]
INFO:root:[net.py] min_col 2, max_col 5
INFO:root:[net.py] sorted cells by row number [<cell.Cell object at 0x0000019D2A3C69A0>, <cell.Cell object at 0x0000019D2A3C6A00>, <cell.Cell object at 0x0000019D2A3C6640>]
INFO:root:[net.py] min_row 2, max_row 7
INFO:root:[net.py] sorted cells by col number [<cell.Cell object at 0x0000019D2A3C6640>, <cell.Cell object at 0x0000019D2A3C69A0>, <cell.Cell object at 0x0000019D2A3C6A00>]
INFO:root:[net.py] min_col 0, max_col 6
INFO:root:[net.py] sorted cells by row number [<cell.Cell object at 0x0000019D2A3C6700>, <cell.Cell object at 0x0000019D2A3C6A00>]
INFO:root:[net.py] min_row 0, max_row 3
INFO:root:[net.py] sorted cells by col number [<cell.Cell object at 0x0000019D2A3C6700>, <cell.Cell object at 0x0000019D2A3C6A00>]
INFO:root:[net.py] min_col 2, max_col 6
INFO:root:[net.py] sorted cells by row number [<cell.Cell object at 0x0000019D2A3C6820>, <cell.Cell object at 0x0000019D2A3C6640>]
INFO:root:[net.py] min_row 3, max_row 7
INFO:root:[net.py] sorted cells by col number [<cell.Cell object at 0x0000019D2A3C6640>, <cell.Cell object at 0x0000019D2A3C6820>]
INFO:root:[net.py] min_col 0, max_col 7
INFO:root:[net.py] sorted cells by row number [<cell.Cell object at 0x0000019D2A3C6A00>, <cell.Cell object at 0x0000019D2A3C6AC0>, <cell.Cell object at 0x0000019D2A3C6640>]
INFO:root:[net.py] min_row 3, max_row 7
INFO:root:[net.py] sorted cells by col number [<cell.Cell object at 0x0000019D2A3C6640>, <cell.Cell object at 0x0000019D2A3C6AC0>, <cell.Cell object at 0x0000019D2A3C6A00>]
INFO:root:[net.py] min_col 0, max_col 6
INFO:root:[net.py] sorted cells by row number [<cell.Cell object at 0x0000019D2A3C66A0>, <cell.Cell object at 0x0000019D2A3C6A00>, <cell.Cell object at 0x0000019D2A3C6640>]
INFO:root:[net.py] min_row 3, max_row 7
INFO:root:[net.py] sorted cells by col number [<cell.Cell object at 0x0000019D2A3C6640>, <cell.Cell object at 0x0000019D2A3C66A0>, <cell.Cell object at 0x0000019D2A3C6A00>]
INFO:root:[net.py] min_col 0, max_col 6
INFO:root:[net.py] sorted cells by row number [<cell.Cell object at 0x0000019D2A3C67C0>, <cell.Cell object at 0x0000019D2A3C6AC0>]
INFO:root:[net.py] min_row 4, max_row 4
INFO:root:[net.py] sorted cells by col number [<cell.Cell object at 0x0000019D2A3C67C0>, <cell.Cell object at 0x0000019D2A3C6AC0>]
INFO:root:[net.py] min_col 0, max_col 5
INFO:root:[net.py] sorted cells by row number [<cell.Cell object at 0x0000019D2A3C6BE0>, <cell.Cell object at 0x0000019D2A3C6AC0>]
INFO:root:[net.py] min_row 1, max_row 4
INFO:root:[net.py] sorted cells by col number [<cell.Cell object at 0x0000019D2A3C6BE0>, <cell.Cell object at 0x0000019D2A3C6AC0>]
INFO:root:[net.py] min_col 0, max_col 5
INFO:root:[net.py] sorted cells by row number [<cell.Cell object at 0x0000019D2A3C6C40>, <cell.Cell object at 0x0000019D2A3C66A0>]
INFO:root:[net.py] min_row 2, max_row 3
INFO:root:[net.py] sorted cells by col number [<cell.Cell object at 0x0000019D2A3C6C40>, <cell.Cell object at 0x0000019D2A3C66A0>]
INFO:root:[net.py] min_col 2, max_col 2
INFO:root:[net.py] sorted cells by row number [<cell.Cell object at 0x0000019D2A3C66A0>, <cell.Cell object at 0x0000019D2A3C68E0>]
INFO:root:[net.py] min_row 3, max_row 6
INFO:root:[net.py] sorted cells by col number [<cell.Cell object at 0x0000019D2A3C68E0>, <cell.Cell object at 0x0000019D2A3C66A0>]
INFO:root:[net.py] min_col 2, max_col 2
INFO:root:[net.py] sorted cells by row number [<cell.Cell object at 0x0000019D2A3C6C40>, <cell.Cell object at 0x0000019D2A3C6580>]
INFO:root:[net.py] min_row 2, max_row 6
INFO:root:[net.py] sorted cells by col number [<cell.Cell object at 0x0000019D2A3C6580>, <cell.Cell object at 0x0000019D2A3C6C40>]
INFO:root:[net.py] min_col 1, max_col 2
INFO:root:[net.py] sorted cells by row number [<cell.Cell object at 0x0000019D2A3C65E0>, <cell.Cell object at 0x0000019D2A3C68E0>]
INFO:root:[net.py] min_row 6, max_row 6
INFO:root:[net.py] sorted cells by col number [<cell.Cell object at 0x0000019D2A3C65E0>, <cell.Cell object at 0x0000019D2A3C68E0>]
INFO:root:[net.py] min_col 0, max_col 2
INFO:root:[net.py] sorted cells by row number [<cell.Cell object at 0x0000019D2A3C6A60>, <cell.Cell object at 0x0000019D2A3C6C40>]
INFO:root:[net.py] min_row 2, max_row 2
INFO:root:[net.py] sorted cells by col number [<cell.Cell object at 0x0000019D2A3C6C40>, <cell.Cell object at 0x0000019D2A3C6A60>]
INFO:root:[net.py] min_col 2, max_col 6
INFO:root:[net.py] sorted cells by row number [<cell.Cell object at 0x0000019D2A3C6B20>, <cell.Cell object at 0x0000019D2A3C68E0>]
INFO:root:[net.py] min_row 1, max_row 6
INFO:root:[net.py] sorted cells by col number [<cell.Cell object at 0x0000019D2A3C68E0>, <cell.Cell object at 0x0000019D2A3C6B20>]
INFO:root:[net.py] min_col 2, max_col 5
INFO:root:[net.py] sorted cells by row number [<cell.Cell object at 0x0000019D2A3C6880>, <cell.Cell object at 0x0000019D2A3C67C0>]
INFO:root:[net.py] min_row 3, max_row 4
INFO:root:[net.py] sorted cells by col number [<cell.Cell object at 0x0000019D2A3C67C0>, <cell.Cell object at 0x0000019D2A3C6880>]
INFO:root:[net.py] min_col 0, max_col 1
INFO:root:[net.py] sorted cells by row number [<cell.Cell object at 0x0000019D2A3C6D00>, <cell.Cell object at 0x0000019D2A3C6BE0>]
INFO:root:[net.py] min_row 0, max_row 1
INFO:root:[net.py] sorted cells by col number [<cell.Cell object at 0x0000019D2A3C6BE0>, <cell.Cell object at 0x0000019D2A3C6D00>]
INFO:root:[net.py] min_col 0, max_col 6
INFO:root:[net.py] sorted cells by row number [<cell.Cell object at 0x0000019D2A3C6760>, <cell.Cell object at 0x0000019D2A3C67C0>]
INFO:root:[net.py] min_row 2, max_row 4
INFO:root:[net.py] sorted cells by col number [<cell.Cell object at 0x0000019D2A3C6760>, <cell.Cell object at 0x0000019D2A3C67C0>]
INFO:root:[net.py] min_col 0, max_col 0
INFO:root:[net.py] sorted cells by row number [<cell.Cell object at 0x0000019D2A3C6BE0>, <cell.Cell object at 0x0000019D2A3C6D60>]
INFO:root:[net.py] min_row 1, max_row 4
INFO:root:[net.py] sorted cells by col number [<cell.Cell object at 0x0000019D2A3C6BE0>, <cell.Cell object at 0x0000019D2A3C6D60>]
INFO:root:[net.py] min_col 0, max_col 7
INFO:root:[net.py] sorted cells by row number [<cell.Cell object at 0x0000019D2A3C6BE0>, <cell.Cell object at 0x0000019D2A3C6C40>, <cell.Cell object at 0x0000019D2A3C67C0>, <cell.Cell object at 0x0000019D2A3C68E0>, <cell.Cell object at 0x0000019D2A3C6B80>]
INFO:root:[net.py] min_row 1, max_row 7
INFO:root:[net.py] sorted cells by col number [<cell.Cell object at 0x0000019D2A3C67C0>, <cell.Cell object at 0x0000019D2A3C6BE0>, <cell.Cell object at 0x0000019D2A3C6B80>, <cell.Cell object at 0x0000019D2A3C6C40>, <cell.Cell object at 0x0000019D2A3C68E0>]
INFO:root:[net.py] min_col 0, max_col 2
INFO:root:[net.py] sorted cells by row number [<cell.Cell object at 0x0000019D2A3C6BE0>, <cell.Cell object at 0x0000019D2A3C6C40>, <cell.Cell object at 0x0000019D2A3C67C0>, <cell.Cell object at 0x0000019D2A3C6CA0>, <cell.Cell object at 0x0000019D2A3C68E0>]
INFO:root:[net.py] min_row 1, max_row 6
INFO:root:[net.py] sorted cells by col number [<cell.Cell object at 0x0000019D2A3C67C0>, <cell.Cell object at 0x0000019D2A3C6BE0>, <cell.Cell object at 0x0000019D2A3C6C40>, <cell.Cell object at 0x0000019D2A3C68E0>, <cell.Cell object at 0x0000019D2A3C6CA0>]
INFO:root:[net.py] min_col 0, max_col 6
INFO:root:[net.py] sorted cells by row number [<cell.Cell object at 0x0000019D2A3C66A0>, <cell.Cell object at 0x0000019D2A3C6AC0>, <cell.Cell object at 0x0000019D2A3C6940>]
INFO:root:[net.py] min_row 3, max_row 6
INFO:root:[net.py] sorted cells by col number [<cell.Cell object at 0x0000019D2A3C66A0>, <cell.Cell object at 0x0000019D2A3C6940>, <cell.Cell object at 0x0000019D2A3C6AC0>]
INFO:root:[net.py] min_col 2, max_col 5
INFO:root:[net.py] sorted cells by row number [<cell.Cell object at 0x0000019D2A3C69A0>, <cell.Cell object at 0x0000019D2A3C6A00>, <cell.Cell object at 0x0000019D2A3C6640>]
INFO:root:[net.py] min_row 2, max_row 7
INFO:root:[net.py] sorted cells by col number [<cell.Cell object at 0x0000019D2A3C6640>, <cell.Cell object at 0x0000019D2A3C69A0>, <cell.Cell object at 0x0000019D2A3C6A00>]
INFO:root:[net.py] min_col 0, max_col 6
INFO:root:[net.py] sorted cells by row number [<cell.Cell object at 0x0000019D2A3C6700>, <cell.Cell object at 0x0000019D2A3C6A00>]
INFO:root:[net.py] min_row 0, max_row 3
INFO:root:[net.py] sorted cells by col number [<cell.Cell object at 0x0000019D2A3C6700>, <cell.Cell object at 0x0000019D2A3C6A00>]
INFO:root:[net.py] min_col 2, max_col 6
INFO:root:[net.py] sorted cells by row number [<cell.Cell object at 0x0000019D2A3C6820>, <cell.Cell object at 0x0000019D2A3C6640>]
INFO:root:[net.py] min_row 3, max_row 7
INFO:root:[net.py] sorted cells by col number [<cell.Cell object at 0x0000019D2A3C6640>, <cell.Cell object at 0x0000019D2A3C6820>]
INFO:root:[net.py] min_col 0, max_col 7
INFO:root:[net.py] sorted cells by row number [<cell.Cell object at 0x0000019D2A3C6A00>, <cell.Cell object at 0x0000019D2A3C6AC0>, <cell.Cell object at 0x0000019D2A3C6640>]
INFO:root:[net.py] min_row 3, max_row 7
INFO:root:[net.py] sorted cells by col number [<cell.Cell object at 0x0000019D2A3C6640>, <cell.Cell object at 0x0000019D2A3C6AC0>, <cell.Cell object at 0x0000019D2A3C6A00>]
INFO:root:[net.py] min_col 0, max_col 6
INFO:root:[net.py] sorted cells by row number [<cell.Cell object at 0x0000019D2A3C66A0>, <cell.Cell object at 0x0000019D2A3C6A00>, <cell.Cell object at 0x0000019D2A3C6640>]
INFO:root:[net.py] min_row 3, max_row 7
INFO:root:[net.py] sorted cells by col number [<cell.Cell object at 0x0000019D2A3C6640>, <cell.Cell object at 0x0000019D2A3C66A0>, <cell.Cell object at 0x0000019D2A3C6A00>]
INFO:root:[net.py] min_col 0, max_col 6
INFO:root:[net.py] sorted cells by row number [<cell.Cell object at 0x0000019D2A3C67C0>, <cell.Cell object at 0x0000019D2A3C6AC0>]
INFO:root:[net.py] min_row 4, max_row 4
INFO:root:[net.py] sorted cells by col number [<cell.Cell object at 0x0000019D2A3C67C0>, <cell.Cell object at 0x0000019D2A3C6AC0>]
INFO:root:[net.py] min_col 0, max_col 5
INFO:root:[net.py] sorted cells by row number [<cell.Cell object at 0x0000019D2A3C6BE0>, <cell.Cell object at 0x0000019D2A3C6AC0>]
INFO:root:[net.py] min_row 1, max_row 4
INFO:root:[net.py] sorted cells by col number [<cell.Cell object at 0x0000019D2A3C6BE0>, <cell.Cell object at 0x0000019D2A3C6AC0>]
INFO:root:[net.py] min_col 0, max_col 5
INFO:root:[net.py] sorted cells by row number [<cell.Cell object at 0x0000019D2A3C6C40>, <cell.Cell object at 0x0000019D2A3C66A0>]
INFO:root:[net.py] min_row 2, max_row 3
INFO:root:[net.py] sorted cells by col number [<cell.Cell object at 0x0000019D2A3C6C40>, <cell.Cell object at 0x0000019D2A3C66A0>]
INFO:root:[net.py] min_col 2, max_col 2
INFO:root:[net.py] sorted cells by row number [<cell.Cell object at 0x0000019D2A3C66A0>, <cell.Cell object at 0x0000019D2A3C68E0>]
INFO:root:[net.py] min_row 3, max_row 6
INFO:root:[net.py] sorted cells by col number [<cell.Cell object at 0x0000019D2A3C68E0>, <cell.Cell object at 0x0000019D2A3C66A0>]
INFO:root:[net.py] min_col 2, max_col 2
INFO:root:initial total cost = 131
INFO:root:[net.py] sorted cells by row number [<cell.Cell object at 0x0000019D2A3C6880>, <cell.Cell object at 0x0000019D2A3C67C0>]
INFO:root:[net.py] min_row 3, max_row 4
INFO:root:[net.py] sorted cells by col number [<cell.Cell object at 0x0000019D2A3C67C0>, <cell.Cell object at 0x0000019D2A3C6880>]
INFO:root:[net.py] min_col 0, max_col 1
INFO:root:[net.py] sorted cells by row number [<cell.Cell object at 0x0000019D2A3C6760>, <cell.Cell object at 0x0000019D2A3C67C0>]
INFO:root:[net.py] min_row 2, max_row 4
INFO:root:[net.py] sorted cells by col number [<cell.Cell object at 0x0000019D2A3C6760>, <cell.Cell object at 0x0000019D2A3C67C0>]
INFO:root:[net.py] min_col 0, max_col 0
INFO:root:[net.py] sorted cells by row number [<cell.Cell object at 0x0000019D2A3C6BE0>, <cell.Cell object at 0x0000019D2A3C6C40>, <cell.Cell object at 0x0000019D2A3C67C0>, <cell.Cell object at 0x0000019D2A3C68E0>, <cell.Cell object at 0x0000019D2A3C6B80>]
INFO:root:[net.py] min_row 1, max_row 7
INFO:root:[net.py] sorted cells by col number [<cell.Cell object at 0x0000019D2A3C67C0>, <cell.Cell object at 0x0000019D2A3C6BE0>, <cell.Cell object at 0x0000019D2A3C6B80>, <cell.Cell object at 0x0000019D2A3C6C40>, <cell.Cell object at 0x0000019D2A3C68E0>]
INFO:root:[net.py] min_col 0, max_col 2
INFO:root:[net.py] sorted cells by row number [<cell.Cell object at 0x0000019D2A3C6BE0>, <cell.Cell object at 0x0000019D2A3C6C40>, <cell.Cell object at 0x0000019D2A3C67C0>, <cell.Cell object at 0x0000019D2A3C6CA0>, <cell.Cell object at 0x0000019D2A3C68E0>]
INFO:root:[net.py] min_row 1, max_row 6
INFO:root:[net.py] sorted cells by col number [<cell.Cell object at 0x0000019D2A3C67C0>, <cell.Cell object at 0x0000019D2A3C6BE0>, <cell.Cell object at 0x0000019D2A3C6C40>, <cell.Cell object at 0x0000019D2A3C68E0>, <cell.Cell object at 0x0000019D2A3C6CA0>]
INFO:root:[net.py] min_col 0, max_col 6
INFO:root:[net.py] sorted cells by row number [<cell.Cell object at 0x0000019D2A3C67C0>, <cell.Cell object at 0x0000019D2A3C6AC0>]
INFO:root:[net.py] min_row 4, max_row 4
INFO:root:[net.py] sorted cells by col number [<cell.Cell object at 0x0000019D2A3C67C0>, <cell.Cell object at 0x0000019D2A3C6AC0>]
INFO:root:[net.py] min_col 0, max_col 5
INFO:root:[net.py] sorted cells by row number [<cell.Cell object at 0x0000019D2A3C6C40>, <cell.Cell object at 0x0000019D2A3C6580>]
INFO:root:[net.py] min_row 2, max_row 6
INFO:root:[net.py] sorted cells by col number [<cell.Cell object at 0x0000019D2A3C6580>, <cell.Cell object at 0x0000019D2A3C6C40>]
INFO:root:[net.py] min_col 1, max_col 2
INFO:root:[net.py] sorted cells by row number [<cell.Cell object at 0x0000019D2A3C6A60>, <cell.Cell object at 0x0000019D2A3C6C40>]
INFO:root:[net.py] min_row 2, max_row 2
INFO:root:[net.py] sorted cells by col number [<cell.Cell object at 0x0000019D2A3C6C40>, <cell.Cell object at 0x0000019D2A3C6A60>]
INFO:root:[net.py] min_col 2, max_col 6
INFO:root:[net.py] sorted cells by row number [<cell.Cell object at 0x0000019D2A3C6BE0>, <cell.Cell object at 0x0000019D2A3C6C40>, <cell.Cell object at 0x0000019D2A3C67C0>, <cell.Cell object at 0x0000019D2A3C68E0>, <cell.Cell object at 0x0000019D2A3C6B80>]
INFO:root:[net.py] min_row 1, max_row 7
INFO:root:[net.py] sorted cells by col number [<cell.Cell object at 0x0000019D2A3C67C0>, <cell.Cell object at 0x0000019D2A3C6BE0>, <cell.Cell object at 0x0000019D2A3C6B80>, <cell.Cell object at 0x0000019D2A3C6C40>, <cell.Cell object at 0x0000019D2A3C68E0>]
INFO:root:[net.py] min_col 0, max_col 2
INFO:root:[net.py] sorted cells by row number [<cell.Cell object at 0x0000019D2A3C6BE0>, <cell.Cell object at 0x0000019D2A3C6C40>, <cell.Cell object at 0x0000019D2A3C67C0>, <cell.Cell object at 0x0000019D2A3C6CA0>, <cell.Cell object at 0x0000019D2A3C68E0>]
INFO:root:[net.py] min_row 1, max_row 6
INFO:root:[net.py] sorted cells by col number [<cell.Cell object at 0x0000019D2A3C67C0>, <cell.Cell object at 0x0000019D2A3C6BE0>, <cell.Cell object at 0x0000019D2A3C6C40>, <cell.Cell object at 0x0000019D2A3C68E0>, <cell.Cell object at 0x0000019D2A3C6CA0>]
INFO:root:[net.py] min_col 0, max_col 6
INFO:root:[net.py] sorted cells by row number [<cell.Cell object at 0x0000019D2A3C6C40>, <cell.Cell object at 0x0000019D2A3C66A0>]
INFO:root:[net.py] min_row 2, max_row 3
INFO:root:[net.py] sorted cells by col number [<cell.Cell object at 0x0000019D2A3C6C40>, <cell.Cell object at 0x0000019D2A3C66A0>]
INFO:root:[net.py] min_col 2, max_col 2
INFO:root:[net.py] sorted cells by row number [<cell.Cell object at 0x0000019D2A3C6C40>, <cell.Cell object at 0x0000019D2A3C6580>]
INFO:root:[net.py] min_row 2, max_row 6
INFO:root:[net.py] sorted cells by col number [<cell.Cell object at 0x0000019D2A3C6580>, <cell.Cell object at 0x0000019D2A3C6C40>]
INFO:root:[net.py] min_col 1, max_col 2
INFO:root:[net.py] sorted cells by row number [<cell.Cell object at 0x0000019D2A3C6A60>, <cell.Cell object at 0x0000019D2A3C6C40>]
INFO:root:[net.py] min_row 2, max_row 2
INFO:root:[net.py] sorted cells by col number [<cell.Cell object at 0x0000019D2A3C6C40>, <cell.Cell object at 0x0000019D2A3C6A60>]
INFO:root:[net.py] min_col 2, max_col 6
INFO:root:[net.py] sorted cells by row number [<cell.Cell object at 0x0000019D2A3C6BE0>, <cell.Cell object at 0x0000019D2A3C6C40>, <cell.Cell object at 0x0000019D2A3C67C0>, <cell.Cell object at 0x0000019D2A3C68E0>, <cell.Cell object at 0x0000019D2A3C6B80>]
INFO:root:[net.py] min_row 1, max_row 7
INFO:root:[net.py] sorted cells by col number [<cell.Cell object at 0x0000019D2A3C67C0>, <cell.Cell object at 0x0000019D2A3C6BE0>, <cell.Cell object at 0x0000019D2A3C6B80>, <cell.Cell object at 0x0000019D2A3C6C40>, <cell.Cell object at 0x0000019D2A3C68E0>]
INFO:root:[net.py] min_col 0, max_col 2
INFO:root:[net.py] sorted cells by row number [<cell.Cell object at 0x0000019D2A3C6BE0>, <cell.Cell object at 0x0000019D2A3C6C40>, <cell.Cell object at 0x0000019D2A3C67C0>, <cell.Cell object at 0x0000019D2A3C6CA0>, <cell.Cell object at 0x0000019D2A3C68E0>]
INFO:root:[net.py] min_row 1, max_row 6
INFO:root:[net.py] sorted cells by col number [<cell.Cell object at 0x0000019D2A3C67C0>, <cell.Cell object at 0x0000019D2A3C6BE0>, <cell.Cell object at 0x0000019D2A3C6C40>, <cell.Cell object at 0x0000019D2A3C68E0>, <cell.Cell object at 0x0000019D2A3C6CA0>]
INFO:root:[net.py] min_col 0, max_col 6
INFO:root:[net.py] sorted cells by row number [<cell.Cell object at 0x0000019D2A3C6C40>, <cell.Cell object at 0x0000019D2A3C66A0>]
INFO:root:[net.py] min_row 2, max_row 3
INFO:root:[net.py] sorted cells by col number [<cell.Cell object at 0x0000019D2A3C6C40>, <cell.Cell object at 0x0000019D2A3C66A0>]
INFO:root:[net.py] min_col 2, max_col 2
INFO:root:[net.py] sorted cells by row number [<cell.Cell object at 0x0000019D2A3C6880>, <cell.Cell object at 0x0000019D2A3C67C0>]
INFO:root:[net.py] min_row 3, max_row 4
INFO:root:[net.py] sorted cells by col number [<cell.Cell object at 0x0000019D2A3C67C0>, <cell.Cell object at 0x0000019D2A3C6880>]
INFO:root:[net.py] min_col 0, max_col 1
INFO:root:[net.py] sorted cells by row number [<cell.Cell object at 0x0000019D2A3C6760>, <cell.Cell object at 0x0000019D2A3C67C0>]
INFO:root:[net.py] min_row 2, max_row 4
INFO:root:[net.py] sorted cells by col number [<cell.Cell object at 0x0000019D2A3C6760>, <cell.Cell object at 0x0000019D2A3C67C0>]
INFO:root:[net.py] min_col 0, max_col 0
INFO:root:[net.py] sorted cells by row number [<cell.Cell object at 0x0000019D2A3C6BE0>, <cell.Cell object at 0x0000019D2A3C6C40>, <cell.Cell object at 0x0000019D2A3C67C0>, <cell.Cell object at 0x0000019D2A3C68E0>, <cell.Cell object at 0x0000019D2A3C6B80>]
INFO:root:[net.py] min_row 1, max_row 7
INFO:root:[net.py] sorted cells by col number [<cell.Cell object at 0x0000019D2A3C67C0>, <cell.Cell object at 0x0000019D2A3C6BE0>, <cell.Cell object at 0x0000019D2A3C6B80>, <cell.Cell object at 0x0000019D2A3C6C40>, <cell.Cell object at 0x0000019D2A3C68E0>]
INFO:root:[net.py] min_col 0, max_col 2
INFO:root:[net.py] sorted cells by row number [<cell.Cell object at 0x0000019D2A3C6BE0>, <cell.Cell object at 0x0000019D2A3C6C40>, <cell.Cell object at 0x0000019D2A3C67C0>, <cell.Cell object at 0x0000019D2A3C6CA0>, <cell.Cell object at 0x0000019D2A3C68E0>]
INFO:root:[net.py] min_row 1, max_row 6
INFO:root:[net.py] sorted cells by col number [<cell.Cell object at 0x0000019D2A3C67C0>, <cell.Cell object at 0x0000019D2A3C6BE0>, <cell.Cell object at 0x0000019D2A3C6C40>, <cell.Cell object at 0x0000019D2A3C68E0>, <cell.Cell object at 0x0000019D2A3C6CA0>]
INFO:root:[net.py] min_col 0, max_col 6
INFO:root:[net.py] sorted cells by row number [<cell.Cell object at 0x0000019D2A3C67C0>, <cell.Cell object at 0x0000019D2A3C6AC0>]
INFO:root:[net.py] min_row 4, max_row 4
INFO:root:[net.py] sorted cells by col number [<cell.Cell object at 0x0000019D2A3C67C0>, <cell.Cell object at 0x0000019D2A3C6AC0>]
INFO:root:[net.py] min_col 0, max_col 5
INFO:root:[net.py] sorted cells by row number [<cell.Cell object at 0x0000019D2A3C6BE0>, <cell.Cell object at 0x0000019D2A3C6D60>]
INFO:root:[net.py] min_row 1, max_row 4
INFO:root:[net.py] sorted cells by col number [<cell.Cell object at 0x0000019D2A3C6BE0>, <cell.Cell object at 0x0000019D2A3C6D60>]
INFO:root:[net.py] min_col 0, max_col 7
INFO:root:[net.py] sorted cells by row number [<cell.Cell object at 0x0000019D2A3C6BE0>, <cell.Cell object at 0x0000019D2A3C6D60>]
INFO:root:[net.py] min_row 1, max_row 4
INFO:root:[net.py] sorted cells by col number [<cell.Cell object at 0x0000019D2A3C6BE0>, <cell.Cell object at 0x0000019D2A3C6D60>]
INFO:root:[net.py] min_col 0, max_col 7
INFO:root:[net.py] sorted cells by row number [<cell.Cell object at 0x0000019D2A3C6BE0>, <cell.Cell object at 0x0000019D2A3C6D60>]
INFO:root:[net.py] min_row 1, max_row 4
INFO:root:[net.py] sorted cells by col number [<cell.Cell object at 0x0000019D2A3C6BE0>, <cell.Cell object at 0x0000019D2A3C6D60>]
INFO:root:[net.py] min_col 0, max_col 7
INFO:root:[net.py] sorted cells by row number [<cell.Cell object at 0x0000019D2A3C6BE0>, <cell.Cell object at 0x0000019D2A3C6D60>]
INFO:root:[net.py] min_row 1, max_row 4
INFO:root:[net.py] sorted cells by col number [<cell.Cell object at 0x0000019D2A3C6BE0>, <cell.Cell object at 0x0000019D2A3C6D60>]
INFO:root:[net.py] min_col 0, max_col 7
INFO:root:[net.py] sorted cells by row number [<cell.Cell object at 0x0000019D2A3C66A0>, <cell.Cell object at 0x0000019D2A3C6AC0>, <cell.Cell object at 0x0000019D2A3C6940>]
INFO:root:[net.py] min_row 3, max_row 6
INFO:root:[net.py] sorted cells by col number [<cell.Cell object at 0x0000019D2A3C66A0>, <cell.Cell object at 0x0000019D2A3C6940>, <cell.Cell object at 0x0000019D2A3C6AC0>]
INFO:root:[net.py] min_col 2, max_col 5
INFO:root:[net.py] sorted cells by row number [<cell.Cell object at 0x0000019D2A3C66A0>, <cell.Cell object at 0x0000019D2A3C6A00>, <cell.Cell object at 0x0000019D2A3C6640>]
INFO:root:[net.py] min_row 3, max_row 7
INFO:root:[net.py] sorted cells by col number [<cell.Cell object at 0x0000019D2A3C6640>, <cell.Cell object at 0x0000019D2A3C66A0>, <cell.Cell object at 0x0000019D2A3C6A00>]
INFO:root:[net.py] min_col 0, max_col 6
INFO:root:[net.py] sorted cells by row number [<cell.Cell object at 0x0000019D2A3C6C40>, <cell.Cell object at 0x0000019D2A3C66A0>]
INFO:root:[net.py] min_row 2, max_row 3
INFO:root:[net.py] sorted cells by col number [<cell.Cell object at 0x0000019D2A3C6C40>, <cell.Cell object at 0x0000019D2A3C66A0>]
INFO:root:[net.py] min_col 2, max_col 2
INFO:root:[net.py] sorted cells by row number [<cell.Cell object at 0x0000019D2A3C66A0>, <cell.Cell object at 0x0000019D2A3C68E0>]
INFO:root:[net.py] min_row 3, max_row 6
INFO:root:[net.py] sorted cells by col number [<cell.Cell object at 0x0000019D2A3C68E0>, <cell.Cell object at 0x0000019D2A3C66A0>]
INFO:root:[net.py] min_col 2, max_col 2
INFO:root:[net.py] sorted cells by row number [<cell.Cell object at 0x0000019D2A3C66A0>, <cell.Cell object at 0x0000019D2A3C6AC0>, <cell.Cell object at 0x0000019D2A3C6940>]
INFO:root:[net.py] min_row 3, max_row 6
INFO:root:[net.py] sorted cells by col number [<cell.Cell object at 0x0000019D2A3C66A0>, <cell.Cell object at 0x0000019D2A3C6940>, <cell.Cell object at 0x0000019D2A3C6AC0>]
INFO:root:[net.py] min_col 2, max_col 5
INFO:root:[net.py] sorted cells by row number [<cell.Cell object at 0x0000019D2A3C66A0>, <cell.Cell object at 0x0000019D2A3C6A00>, <cell.Cell object at 0x0000019D2A3C6640>]
INFO:root:[net.py] min_row 3, max_row 7
INFO:root:[net.py] sorted cells by col number [<cell.Cell object at 0x0000019D2A3C6640>, <cell.Cell object at 0x0000019D2A3C66A0>, <cell.Cell object at 0x0000019D2A3C6A00>]
INFO:root:[net.py] min_col 0, max_col 6
INFO:root:[net.py] sorted cells by row number [<cell.Cell object at 0x0000019D2A3C6C40>, <cell.Cell object at 0x0000019D2A3C66A0>]
INFO:root:[net.py] min_row 2, max_row 3
INFO:root:[net.py] sorted cells by col number [<cell.Cell object at 0x0000019D2A3C6C40>, <cell.Cell object at 0x0000019D2A3C66A0>]
INFO:root:[net.py] min_col 2, max_col 2
INFO:root:[net.py] sorted cells by row number [<cell.Cell object at 0x0000019D2A3C66A0>, <cell.Cell object at 0x0000019D2A3C68E0>]
INFO:root:[net.py] min_row 3, max_row 6
INFO:root:[net.py] sorted cells by col number [<cell.Cell object at 0x0000019D2A3C68E0>, <cell.Cell object at 0x0000019D2A3C66A0>]
INFO:root:[net.py] min_col 2, max_col 2
INFO:root:[net.py] sorted cells by row number [<cell.Cell object at 0x0000019D2A3C69A0>, <cell.Cell object at 0x0000019D2A3C6A00>, <cell.Cell object at 0x0000019D2A3C6640>]
INFO:root:[net.py] min_row 2, max_row 7
INFO:root:[net.py] sorted cells by col number [<cell.Cell object at 0x0000019D2A3C6640>, <cell.Cell object at 0x0000019D2A3C69A0>, <cell.Cell object at 0x0000019D2A3C6A00>]
INFO:root:[net.py] min_col 0, max_col 6
INFO:root:[net.py] sorted cells by row number [<cell.Cell object at 0x0000019D2A3C6820>, <cell.Cell object at 0x0000019D2A3C6640>]
INFO:root:[net.py] min_row 3, max_row 7
INFO:root:[net.py] sorted cells by col number [<cell.Cell object at 0x0000019D2A3C6640>, <cell.Cell object at 0x0000019D2A3C6820>]
INFO:root:[net.py] min_col 0, max_col 7
INFO:root:[net.py] sorted cells by row number [<cell.Cell object at 0x0000019D2A3C6A00>, <cell.Cell object at 0x0000019D2A3C6AC0>, <cell.Cell object at 0x0000019D2A3C6640>]
INFO:root:[net.py] min_row 3, max_row 7
INFO:root:[net.py] sorted cells by col number [<cell.Cell object at 0x0000019D2A3C6640>, <cell.Cell object at 0x0000019D2A3C6AC0>, <cell.Cell object at 0x0000019D2A3C6A00>]
INFO:root:[net.py] min_col 0, max_col 6
INFO:root:[net.py] sorted cells by row number [<cell.Cell object at 0x0000019D2A3C66A0>, <cell.Cell object at 0x0000019D2A3C6A00>, <cell.Cell object at 0x0000019D2A3C6640>]
INFO:root:[net.py] min_row 3, max_row 7
INFO:root:[net.py] sorted cells by col number [<cell.Cell object at 0x0000019D2A3C6640>, <cell.Cell object at 0x0000019D2A3C66A0>, <cell.Cell object at 0x0000019D2A3C6A00>]
INFO:root:[net.py] min_col 0, max_col 6
INFO:root:[net.py] sorted cells by row number [<cell.Cell object at 0x0000019D2A3C69A0>, <cell.Cell object at 0x0000019D2A3C6A00>, <cell.Cell object at 0x0000019D2A3C6640>]
INFO:root:[net.py] min_row 2, max_row 7
INFO:root:[net.py] sorted cells by col number [<cell.Cell object at 0x0000019D2A3C6640>, <cell.Cell object at 0x0000019D2A3C69A0>, <cell.Cell object at 0x0000019D2A3C6A00>]
INFO:root:[net.py] min_col 0, max_col 6
INFO:root:[net.py] sorted cells by row number [<cell.Cell object at 0x0000019D2A3C6820>, <cell.Cell object at 0x0000019D2A3C6640>]
INFO:root:[net.py] min_row 3, max_row 7
INFO:root:[net.py] sorted cells by col number [<cell.Cell object at 0x0000019D2A3C6640>, <cell.Cell object at 0x0000019D2A3C6820>]
INFO:root:[net.py] min_col 0, max_col 7
INFO:root:[net.py] sorted cells by row number [<cell.Cell object at 0x0000019D2A3C6A00>, <cell.Cell object at 0x0000019D2A3C6AC0>, <cell.Cell object at 0x0000019D2A3C6640>]
INFO:root:[net.py] min_row 3, max_row 7
INFO:root:[net.py] sorted cells by col number [<cell.Cell object at 0x0000019D2A3C6640>, <cell.Cell object at 0x0000019D2A3C6AC0>, <cell.Cell object at 0x0000019D2A3C6A00>]
INFO:root:[net.py] min_col 0, max_col 6
INFO:root:[net.py] sorted cells by row number [<cell.Cell object at 0x0000019D2A3C66A0>, <cell.Cell object at 0x0000019D2A3C6A00>, <cell.Cell object at 0x0000019D2A3C6640>]
INFO:root:[net.py] min_row 3, max_row 7
INFO:root:[net.py] sorted cells by col number [<cell.Cell object at 0x0000019D2A3C6640>, <cell.Cell object at 0x0000019D2A3C66A0>, <cell.Cell object at 0x0000019D2A3C6A00>]
INFO:root:[net.py] min_col 0, max_col 6
INFO:root:[net.py] sorted cells by row number [<cell.Cell object at 0x0000019D2A3C6820>, <cell.Cell object at 0x0000019D2A3C6640>]
INFO:root:[net.py] min_row 3, max_row 7
INFO:root:[net.py] sorted cells by col number [<cell.Cell object at 0x0000019D2A3C6640>, <cell.Cell object at 0x0000019D2A3C6820>]
INFO:root:[net.py] min_col 0, max_col 7
INFO:root:[net.py] sorted cells by row number [<cell.Cell object at 0x0000019D2A3C6820>, <cell.Cell object at 0x0000019D2A3C6640>]
INFO:root:[net.py] min_row 3, max_row 7
INFO:root:[net.py] sorted cells by col number [<cell.Cell object at 0x0000019D2A3C6640>, <cell.Cell object at 0x0000019D2A3C6820>]
INFO:root:[net.py] min_col 0, max_col 7
INFO:root:[net.py] sorted cells by row number [<cell.Cell object at 0x0000019D2A3C6D00>, <cell.Cell object at 0x0000019D2A3C6BE0>]
INFO:root:[net.py] min_row 0, max_row 1
INFO:root:[net.py] sorted cells by col number [<cell.Cell object at 0x0000019D2A3C6BE0>, <cell.Cell object at 0x0000019D2A3C6D00>]
INFO:root:[net.py] min_col 0, max_col 6
INFO:root:[net.py] sorted cells by row number [<cell.Cell object at 0x0000019D2A3C6BE0>, <cell.Cell object at 0x0000019D2A3C6D60>]
INFO:root:[net.py] min_row 1, max_row 4
INFO:root:[net.py] sorted cells by col number [<cell.Cell object at 0x0000019D2A3C6BE0>, <cell.Cell object at 0x0000019D2A3C6D60>]
INFO:root:[net.py] min_col 0, max_col 7
INFO:root:[net.py] sorted cells by row number [<cell.Cell object at 0x0000019D2A3C6BE0>, <cell.Cell object at 0x0000019D2A3C6C40>, <cell.Cell object at 0x0000019D2A3C67C0>, <cell.Cell object at 0x0000019D2A3C68E0>, <cell.Cell object at 0x0000019D2A3C6B80>]
INFO:root:[net.py] min_row 1, max_row 7
INFO:root:[net.py] sorted cells by col number [<cell.Cell object at 0x0000019D2A3C67C0>, <cell.Cell object at 0x0000019D2A3C6BE0>, <cell.Cell object at 0x0000019D2A3C6B80>, <cell.Cell object at 0x0000019D2A3C6C40>, <cell.Cell object at 0x0000019D2A3C68E0>]
INFO:root:[net.py] min_col 0, max_col 2
INFO:root:[net.py] sorted cells by row number [<cell.Cell object at 0x0000019D2A3C6BE0>, <cell.Cell object at 0x0000019D2A3C6C40>, <cell.Cell object at 0x0000019D2A3C67C0>, <cell.Cell object at 0x0000019D2A3C6CA0>, <cell.Cell object at 0x0000019D2A3C68E0>]
INFO:root:[net.py] min_row 1, max_row 6
INFO:root:[net.py] sorted cells by col number [<cell.Cell object at 0x0000019D2A3C67C0>, <cell.Cell object at 0x0000019D2A3C6BE0>, <cell.Cell object at 0x0000019D2A3C6C40>, <cell.Cell object at 0x0000019D2A3C68E0>, <cell.Cell object at 0x0000019D2A3C6CA0>]
INFO:root:[net.py] min_col 0, max_col 6
INFO:root:[net.py] sorted cells by row number [<cell.Cell object at 0x0000019D2A3C6BE0>, <cell.Cell object at 0x0000019D2A3C6AC0>]
INFO:root:[net.py] min_row 1, max_row 4
INFO:root:[net.py] sorted cells by col number [<cell.Cell object at 0x0000019D2A3C6BE0>, <cell.Cell object at 0x0000019D2A3C6AC0>]
INFO:root:[net.py] min_col 0, max_col 5
INFO:root:[net.py] sorted cells by row number [<cell.Cell object at 0x0000019D2A3C6D00>, <cell.Cell object at 0x0000019D2A3C6BE0>]
INFO:root:[net.py] min_row 0, max_row 1
INFO:root:[net.py] sorted cells by col number [<cell.Cell object at 0x0000019D2A3C6BE0>, <cell.Cell object at 0x0000019D2A3C6D00>]
INFO:root:[net.py] min_col 0, max_col 6
INFO:root:[net.py] sorted cells by row number [<cell.Cell object at 0x0000019D2A3C6BE0>, <cell.Cell object at 0x0000019D2A3C6D60>]
INFO:root:[net.py] min_row 1, max_row 4
INFO:root:[net.py] sorted cells by col number [<cell.Cell object at 0x0000019D2A3C6BE0>, <cell.Cell object at 0x0000019D2A3C6D60>]
INFO:root:[net.py] min_col 0, max_col 7
INFO:root:[net.py] sorted cells by row number [<cell.Cell object at 0x0000019D2A3C6BE0>, <cell.Cell object at 0x0000019D2A3C6C40>, <cell.Cell object at 0x0000019D2A3C67C0>, <cell.Cell object at 0x0000019D2A3C68E0>, <cell.Cell object at 0x0000019D2A3C6B80>]
INFO:root:[net.py] min_row 1, max_row 7
INFO:root:[net.py] sorted cells by col number [<cell.Cell object at 0x0000019D2A3C67C0>, <cell.Cell object at 0x0000019D2A3C6BE0>, <cell.Cell object at 0x0000019D2A3C6B80>, <cell.Cell object at 0x0000019D2A3C6C40>, <cell.Cell object at 0x0000019D2A3C68E0>]
INFO:root:[net.py] min_col 0, max_col 2
INFO:root:[net.py] sorted cells by row number [<cell.Cell object at 0x0000019D2A3C6BE0>, <cell.Cell object at 0x0000019D2A3C6C40>, <cell.Cell object at 0x0000019D2A3C67C0>, <cell.Cell object at 0x0000019D2A3C6CA0>, <cell.Cell object at 0x0000019D2A3C68E0>]
INFO:root:[net.py] min_row 1, max_row 6
INFO:root:[net.py] sorted cells by col number [<cell.Cell object at 0x0000019D2A3C67C0>, <cell.Cell object at 0x0000019D2A3C6BE0>, <cell.Cell object at 0x0000019D2A3C6C40>, <cell.Cell object at 0x0000019D2A3C68E0>, <cell.Cell object at 0x0000019D2A3C6CA0>]
INFO:root:[net.py] min_col 0, max_col 6
INFO:root:[net.py] sorted cells by row number [<cell.Cell object at 0x0000019D2A3C6BE0>, <cell.Cell object at 0x0000019D2A3C6AC0>]
INFO:root:[net.py] min_row 1, max_row 4
INFO:root:[net.py] sorted cells by col number [<cell.Cell object at 0x0000019D2A3C6BE0>, <cell.Cell object at 0x0000019D2A3C6AC0>]
INFO:root:[net.py] min_col 0, max_col 5
INFO:root:[net.py] sorted cells by row number [<cell.Cell object at 0x0000019D2A3C69A0>, <cell.Cell object at 0x0000019D2A3C6A00>, <cell.Cell object at 0x0000019D2A3C6640>]
INFO:root:[net.py] min_row 2, max_row 7
INFO:root:[net.py] sorted cells by col number [<cell.Cell object at 0x0000019D2A3C6640>, <cell.Cell object at 0x0000019D2A3C69A0>, <cell.Cell object at 0x0000019D2A3C6A00>]
INFO:root:[net.py] min_col 0, max_col 6
INFO:root:[net.py] sorted cells by row number [<cell.Cell object at 0x0000019D2A3C6700>, <cell.Cell object at 0x0000019D2A3C6A00>]
INFO:root:[net.py] min_row 0, max_row 3
INFO:root:[net.py] sorted cells by col number [<cell.Cell object at 0x0000019D2A3C6700>, <cell.Cell object at 0x0000019D2A3C6A00>]
INFO:root:[net.py] min_col 2, max_col 6
INFO:root:[net.py] sorted cells by row number [<cell.Cell object at 0x0000019D2A3C6A00>, <cell.Cell object at 0x0000019D2A3C6AC0>, <cell.Cell object at 0x0000019D2A3C6640>]
INFO:root:[net.py] min_row 3, max_row 7
INFO:root:[net.py] sorted cells by col number [<cell.Cell object at 0x0000019D2A3C6640>, <cell.Cell object at 0x0000019D2A3C6AC0>, <cell.Cell object at 0x0000019D2A3C6A00>]
INFO:root:[net.py] min_col 0, max_col 6
INFO:root:[net.py] sorted cells by row number [<cell.Cell object at 0x0000019D2A3C66A0>, <cell.Cell object at 0x0000019D2A3C6A00>, <cell.Cell object at 0x0000019D2A3C6640>]
INFO:root:[net.py] min_row 3, max_row 7
INFO:root:[net.py] sorted cells by col number [<cell.Cell object at 0x0000019D2A3C6640>, <cell.Cell object at 0x0000019D2A3C66A0>, <cell.Cell object at 0x0000019D2A3C6A00>]
INFO:root:[net.py] min_col 0, max_col 6
INFO:root:[net.py] sorted cells by row number [<cell.Cell object at 0x0000019D2A3C69A0>, <cell.Cell object at 0x0000019D2A3C6A00>, <cell.Cell object at 0x0000019D2A3C6640>]
INFO:root:[net.py] min_row 2, max_row 7
INFO:root:[net.py] sorted cells by col number [<cell.Cell object at 0x0000019D2A3C6640>, <cell.Cell object at 0x0000019D2A3C69A0>, <cell.Cell object at 0x0000019D2A3C6A00>]
INFO:root:[net.py] min_col 0, max_col 6
INFO:root:[net.py] sorted cells by row number [<cell.Cell object at 0x0000019D2A3C6700>, <cell.Cell object at 0x0000019D2A3C6A00>]
INFO:root:[net.py] min_row 0, max_row 3
INFO:root:[net.py] sorted cells by col number [<cell.Cell object at 0x0000019D2A3C6700>, <cell.Cell object at 0x0000019D2A3C6A00>]
INFO:root:[net.py] min_col 2, max_col 6
INFO:root:[net.py] sorted cells by row number [<cell.Cell object at 0x0000019D2A3C6A00>, <cell.Cell object at 0x0000019D2A3C6AC0>, <cell.Cell object at 0x0000019D2A3C6640>]
INFO:root:[net.py] min_row 3, max_row 7
INFO:root:[net.py] sorted cells by col number [<cell.Cell object at 0x0000019D2A3C6640>, <cell.Cell object at 0x0000019D2A3C6AC0>, <cell.Cell object at 0x0000019D2A3C6A00>]
INFO:root:[net.py] min_col 0, max_col 6
INFO:root:[net.py] sorted cells by row number [<cell.Cell object at 0x0000019D2A3C66A0>, <cell.Cell object at 0x0000019D2A3C6A00>, <cell.Cell object at 0x0000019D2A3C6640>]
INFO:root:[net.py] min_row 3, max_row 7
INFO:root:[net.py] sorted cells by col number [<cell.Cell object at 0x0000019D2A3C6640>, <cell.Cell object at 0x0000019D2A3C66A0>, <cell.Cell object at 0x0000019D2A3C6A00>]
INFO:root:[net.py] min_col 0, max_col 6
INFO:root:[net.py] sorted cells by row number [<cell.Cell object at 0x0000019D2A3C6880>, <cell.Cell object at 0x0000019D2A3C67C0>]
INFO:root:[net.py] min_row 3, max_row 4
INFO:root:[net.py] sorted cells by col number [<cell.Cell object at 0x0000019D2A3C67C0>, <cell.Cell object at 0x0000019D2A3C6880>]
INFO:root:[net.py] min_col 0, max_col 1
INFO:root:[net.py] sorted cells by row number [<cell.Cell object at 0x0000019D2A3C6760>, <cell.Cell object at 0x0000019D2A3C67C0>]
INFO:root:[net.py] min_row 2, max_row 4
INFO:root:[net.py] sorted cells by col number [<cell.Cell object at 0x0000019D2A3C6760>, <cell.Cell object at 0x0000019D2A3C67C0>]
INFO:root:[net.py] min_col 0, max_col 0
INFO:root:[net.py] sorted cells by row number [<cell.Cell object at 0x0000019D2A3C6BE0>, <cell.Cell object at 0x0000019D2A3C6C40>, <cell.Cell object at 0x0000019D2A3C67C0>, <cell.Cell object at 0x0000019D2A3C68E0>, <cell.Cell object at 0x0000019D2A3C6B80>]
INFO:root:[net.py] min_row 1, max_row 7
INFO:root:[net.py] sorted cells by col number [<cell.Cell object at 0x0000019D2A3C67C0>, <cell.Cell object at 0x0000019D2A3C6BE0>, <cell.Cell object at 0x0000019D2A3C6B80>, <cell.Cell object at 0x0000019D2A3C6C40>, <cell.Cell object at 0x0000019D2A3C68E0>]
INFO:root:[net.py] min_col 0, max_col 2
INFO:root:[net.py] sorted cells by row number [<cell.Cell object at 0x0000019D2A3C6BE0>, <cell.Cell object at 0x0000019D2A3C6C40>, <cell.Cell object at 0x0000019D2A3C67C0>, <cell.Cell object at 0x0000019D2A3C6CA0>, <cell.Cell object at 0x0000019D2A3C68E0>]
INFO:root:[net.py] min_row 1, max_row 6
INFO:root:[net.py] sorted cells by col number [<cell.Cell object at 0x0000019D2A3C67C0>, <cell.Cell object at 0x0000019D2A3C6BE0>, <cell.Cell object at 0x0000019D2A3C6C40>, <cell.Cell object at 0x0000019D2A3C68E0>, <cell.Cell object at 0x0000019D2A3C6CA0>]
INFO:root:[net.py] min_col 0, max_col 6
INFO:root:[net.py] sorted cells by row number [<cell.Cell object at 0x0000019D2A3C67C0>, <cell.Cell object at 0x0000019D2A3C6AC0>]
INFO:root:[net.py] min_row 4, max_row 4
INFO:root:[net.py] sorted cells by col number [<cell.Cell object at 0x0000019D2A3C67C0>, <cell.Cell object at 0x0000019D2A3C6AC0>]
INFO:root:[net.py] min_col 0, max_col 5
INFO:root:[net.py] sorted cells by row number [<cell.Cell object at 0x0000019D2A3C6BE0>, <cell.Cell object at 0x0000019D2A3C6C40>, <cell.Cell object at 0x0000019D2A3C67C0>, <cell.Cell object at 0x0000019D2A3C68E0>, <cell.Cell object at 0x0000019D2A3C6B80>]
INFO:root:[net.py] min_row 1, max_row 7
INFO:root:[net.py] sorted cells by col number [<cell.Cell object at 0x0000019D2A3C67C0>, <cell.Cell object at 0x0000019D2A3C6BE0>, <cell.Cell object at 0x0000019D2A3C6B80>, <cell.Cell object at 0x0000019D2A3C6C40>, <cell.Cell object at 0x0000019D2A3C68E0>]
INFO:root:[net.py] min_col 0, max_col 2
INFO:root:[net.py] sorted cells by row number [<cell.Cell object at 0x0000019D2A3C6BE0>, <cell.Cell object at 0x0000019D2A3C6C40>, <cell.Cell object at 0x0000019D2A3C67C0>, <cell.Cell object at 0x0000019D2A3C68E0>, <cell.Cell object at 0x0000019D2A3C6B80>]
INFO:root:[net.py] min_row 1, max_row 7
INFO:root:[net.py] sorted cells by col number [<cell.Cell object at 0x0000019D2A3C67C0>, <cell.Cell object at 0x0000019D2A3C6BE0>, <cell.Cell object at 0x0000019D2A3C6B80>, <cell.Cell object at 0x0000019D2A3C6C40>, <cell.Cell object at 0x0000019D2A3C68E0>]
INFO:root:[net.py] min_col 0, max_col 2
INFO:root:[net.py] sorted cells by row number [<cell.Cell object at 0x0000019D2A3C6880>, <cell.Cell object at 0x0000019D2A3C67C0>]
INFO:root:[net.py] min_row 3, max_row 4
INFO:root:[net.py] sorted cells by col number [<cell.Cell object at 0x0000019D2A3C67C0>, <cell.Cell object at 0x0000019D2A3C6880>]
INFO:root:[net.py] min_col 0, max_col 1
INFO:root:[net.py] sorted cells by row number [<cell.Cell object at 0x0000019D2A3C6760>, <cell.Cell object at 0x0000019D2A3C67C0>]
INFO:root:[net.py] min_row 2, max_row 4
INFO:root:[net.py] sorted cells by col number [<cell.Cell object at 0x0000019D2A3C6760>, <cell.Cell object at 0x0000019D2A3C67C0>]
INFO:root:[net.py] min_col 0, max_col 0
INFO:root:[net.py] sorted cells by row number [<cell.Cell object at 0x0000019D2A3C6BE0>, <cell.Cell object at 0x0000019D2A3C6C40>, <cell.Cell object at 0x0000019D2A3C67C0>, <cell.Cell object at 0x0000019D2A3C68E0>, <cell.Cell object at 0x0000019D2A3C6B80>]
INFO:root:[net.py] min_row 1, max_row 7
INFO:root:[net.py] sorted cells by col number [<cell.Cell object at 0x0000019D2A3C67C0>, <cell.Cell object at 0x0000019D2A3C6BE0>, <cell.Cell object at 0x0000019D2A3C6B80>, <cell.Cell object at 0x0000019D2A3C6C40>, <cell.Cell object at 0x0000019D2A3C68E0>]
INFO:root:[net.py] min_col 0, max_col 2
INFO:root:[net.py] sorted cells by row number [<cell.Cell object at 0x0000019D2A3C6BE0>, <cell.Cell object at 0x0000019D2A3C6C40>, <cell.Cell object at 0x0000019D2A3C67C0>, <cell.Cell object at 0x0000019D2A3C6CA0>, <cell.Cell object at 0x0000019D2A3C68E0>]
INFO:root:[net.py] min_row 1, max_row 6
INFO:root:[net.py] sorted cells by col number [<cell.Cell object at 0x0000019D2A3C67C0>, <cell.Cell object at 0x0000019D2A3C6BE0>, <cell.Cell object at 0x0000019D2A3C6C40>, <cell.Cell object at 0x0000019D2A3C68E0>, <cell.Cell object at 0x0000019D2A3C6CA0>]
INFO:root:[net.py] min_col 0, max_col 6
INFO:root:[net.py] sorted cells by row number [<cell.Cell object at 0x0000019D2A3C67C0>, <cell.Cell object at 0x0000019D2A3C6AC0>]
INFO:root:[net.py] min_row 4, max_row 4
INFO:root:[net.py] sorted cells by col number [<cell.Cell object at 0x0000019D2A3C67C0>, <cell.Cell object at 0x0000019D2A3C6AC0>]
INFO:root:[net.py] min_col 0, max_col 5
INFO:root:[net.py] sorted cells by row number [<cell.Cell object at 0x0000019D2A3C66A0>, <cell.Cell object at 0x0000019D2A3C6AC0>, <cell.Cell object at 0x0000019D2A3C6940>]
INFO:root:[net.py] min_row 3, max_row 6
INFO:root:[net.py] sorted cells by col number [<cell.Cell object at 0x0000019D2A3C66A0>, <cell.Cell object at 0x0000019D2A3C6940>, <cell.Cell object at 0x0000019D2A3C6AC0>]
INFO:root:[net.py] min_col 2, max_col 5
INFO:root:[net.py] sorted cells by row number [<cell.Cell object at 0x0000019D2A3C66A0>, <cell.Cell object at 0x0000019D2A3C6A00>, <cell.Cell object at 0x0000019D2A3C6640>]
INFO:root:[net.py] min_row 3, max_row 7
INFO:root:[net.py] sorted cells by col number [<cell.Cell object at 0x0000019D2A3C6640>, <cell.Cell object at 0x0000019D2A3C66A0>, <cell.Cell object at 0x0000019D2A3C6A00>]
INFO:root:[net.py] min_col 0, max_col 6
INFO:root:[net.py] sorted cells by row number [<cell.Cell object at 0x0000019D2A3C6C40>, <cell.Cell object at 0x0000019D2A3C66A0>]
INFO:root:[net.py] min_row 2, max_row 3
INFO:root:[net.py] sorted cells by col number [<cell.Cell object at 0x0000019D2A3C6C40>, <cell.Cell object at 0x0000019D2A3C66A0>]
INFO:root:[net.py] min_col 2, max_col 2
INFO:root:[net.py] sorted cells by row number [<cell.Cell object at 0x0000019D2A3C66A0>, <cell.Cell object at 0x0000019D2A3C68E0>]
INFO:root:[net.py] min_row 3, max_row 6
INFO:root:[net.py] sorted cells by col number [<cell.Cell object at 0x0000019D2A3C68E0>, <cell.Cell object at 0x0000019D2A3C66A0>]
INFO:root:[net.py] min_col 2, max_col 2
INFO:root:[net.py] sorted cells by row number [<cell.Cell object at 0x0000019D2A3C66A0>, <cell.Cell object at 0x0000019D2A3C6AC0>, <cell.Cell object at 0x0000019D2A3C6940>]
INFO:root:[net.py] min_row 3, max_row 6
INFO:root:[net.py] sorted cells by col number [<cell.Cell object at 0x0000019D2A3C66A0>, <cell.Cell object at 0x0000019D2A3C6940>, <cell.Cell object at 0x0000019D2A3C6AC0>]
INFO:root:[net.py] min_col 2, max_col 5
INFO:root:[net.py] sorted cells by row number [<cell.Cell object at 0x0000019D2A3C66A0>, <cell.Cell object at 0x0000019D2A3C6A00>, <cell.Cell object at 0x0000019D2A3C6640>]
INFO:root:[net.py] min_row 3, max_row 7
INFO:root:[net.py] sorted cells by col number [<cell.Cell object at 0x0000019D2A3C6640>, <cell.Cell object at 0x0000019D2A3C66A0>, <cell.Cell object at 0x0000019D2A3C6A00>]
INFO:root:[net.py] min_col 0, max_col 6
INFO:root:[net.py] sorted cells by row number [<cell.Cell object at 0x0000019D2A3C6C40>, <cell.Cell object at 0x0000019D2A3C66A0>]
INFO:root:[net.py] min_row 2, max_row 3
INFO:root:[net.py] sorted cells by col number [<cell.Cell object at 0x0000019D2A3C6C40>, <cell.Cell object at 0x0000019D2A3C66A0>]
INFO:root:[net.py] min_col 2, max_col 2
INFO:root:[net.py] sorted cells by row number [<cell.Cell object at 0x0000019D2A3C66A0>, <cell.Cell object at 0x0000019D2A3C68E0>]
INFO:root:[net.py] min_row 3, max_row 6
INFO:root:[net.py] sorted cells by col number [<cell.Cell object at 0x0000019D2A3C68E0>, <cell.Cell object at 0x0000019D2A3C66A0>]
INFO:root:[net.py] min_col 2, max_col 2
INFO:root:[net.py] sorted cells by row number [<cell.Cell object at 0x0000019D2A3C6B20>, <cell.Cell object at 0x0000019D2A3C68E0>]
INFO:root:[net.py] min_row 1, max_row 6
INFO:root:[net.py] sorted cells by col number [<cell.Cell object at 0x0000019D2A3C68E0>, <cell.Cell object at 0x0000019D2A3C6B20>]
INFO:root:[net.py] min_col 2, max_col 5
INFO:root:[net.py] sorted cells by row number [<cell.Cell object at 0x0000019D2A3C6B20>, <cell.Cell object at 0x0000019D2A3C68E0>]
INFO:root:[net.py] min_row 1, max_row 6
INFO:root:[net.py] sorted cells by col number [<cell.Cell object at 0x0000019D2A3C68E0>, <cell.Cell object at 0x0000019D2A3C6B20>]
INFO:root:[net.py] min_col 2, max_col 5
